<?xml version="1.0" encoding="UTF-8"?>
<!-- Generated by org.testng.reporters.JUnitXMLReporter -->
<testsuite hostname="PC-20160308YAGE" name="Default test" tests="3" failures="0" timestamp="12 Apr 2016 03:23:15 GMT" time="23.185" errors="0">
  <testcase name="TestLogin" time="0.462" classname="interfaceshikai.TestRegisterr"/>
  <testcase name="TestLogin" time="0.011" classname="interfaceshikai.TestRegisterr"/>
  <testcase name="TestLogin" time="0.017" classname="interfaceshikai.TestRegisterr"/>
</testsuite> <!-- Default test -->
